Copyright 1986-2022 Xilinx, Inc. All Rights Reserved.
------------------------------------------------------------------------------------
| Tool Version : Vivado v.2022.2 (lin64) Build 3671981 Fri Oct 14 04:59:54 MDT 2022
| Date         : Wed May 22 23:07:43 2024
| Host         : jefferyli-System-Product-Name running 64-bit Ubuntu 22.04.4 LTS
| Command      : upgrade_ip
| Device       : xc7z020clg400-2
------------------------------------------------------------------------------------

Upgrade Log for IP 'Lab1_design_TesterHW_0_0'

1. Summary
----------

SUCCESS in the upgrade of Lab1_design_TesterHW_0_0 (user.org:user:TesterHW:1.2) from (Rev. 1) to (Rev. 2)






Copyright 1986-2022 Xilinx, Inc. All Rights Reserved.
------------------------------------------------------------------------------------
| Tool Version : Vivado v.2022.2 (lin64) Build 3671981 Fri Oct 14 04:59:54 MDT 2022
| Date         : Wed May 22 21:07:13 2024
| Host         : jefferyli-System-Product-Name running 64-bit Ubuntu 22.04.4 LTS
| Command      : upgrade_ip
| Device       : xc7z020clg400-2
------------------------------------------------------------------------------------

Upgrade Log for IP 'Lab1_design_TesterHW_0_0'

1. Summary
----------

SUCCESS in the upgrade of Lab1_design_TesterHW_0_0 from user.org:user:TesterHW:1.1 (Rev. 4) to user.org:user:TesterHW:1.2 (Rev. 1)






Copyright 1986-2022 Xilinx, Inc. All Rights Reserved.
------------------------------------------------------------------------------------
| Tool Version : Vivado v.2022.2 (lin64) Build 3671981 Fri Oct 14 04:59:54 MDT 2022
| Date         : Tue May 21 14:54:59 2024
| Host         : jefferyli-System-Product-Name running 64-bit Ubuntu 22.04.4 LTS
| Command      : upgrade_ip
| Device       : xc7z020clg400-2
------------------------------------------------------------------------------------

Upgrade Log for IP 'Lab1_design_TesterHW_0_0'

1. Summary
----------

SUCCESS in the upgrade of Lab1_design_TesterHW_0_0 (user.org:user:TesterHW:1.1) from (Rev. 3) to (Rev. 4)






Copyright 1986-2022 Xilinx, Inc. All Rights Reserved.
------------------------------------------------------------------------------------
| Tool Version : Vivado v.2022.2 (lin64) Build 3671981 Fri Oct 14 04:59:54 MDT 2022
| Date         : Tue May 21 14:32:24 2024
| Host         : jefferyli-System-Product-Name running 64-bit Ubuntu 22.04.4 LTS
| Command      : upgrade_ip
| Device       : xc7z020clg400-2
------------------------------------------------------------------------------------

Upgrade Log for IP 'Lab1_design_TesterHW_0_0'

1. Summary
----------

SUCCESS in the upgrade of Lab1_design_TesterHW_0_0 (user.org:user:TesterHW:1.1) from (Rev. 2) to (Rev. 3)






Copyright 1986-2022 Xilinx, Inc. All Rights Reserved.
------------------------------------------------------------------------------------
| Tool Version : Vivado v.2022.2 (lin64) Build 3671981 Fri Oct 14 04:59:54 MDT 2022
| Date         : Tue May 21 14:23:57 2024
| Host         : jefferyli-System-Product-Name running 64-bit Ubuntu 22.04.4 LTS
| Command      : upgrade_ip
| Device       : xc7z020clg400-2
------------------------------------------------------------------------------------

Upgrade Log for IP 'Lab1_design_TesterHW_0_0'

1. Summary
----------

SUCCESS in the upgrade of Lab1_design_TesterHW_0_0 (user.org:user:TesterHW:1.1) from (Rev. 1) to (Rev. 2)






Copyright 1986-2022 Xilinx, Inc. All Rights Reserved.
------------------------------------------------------------------------------------
| Tool Version : Vivado v.2022.2 (lin64) Build 3671981 Fri Oct 14 04:59:54 MDT 2022
| Date         : Tue May 21 14:13:43 2024
| Host         : jefferyli-System-Product-Name running 64-bit Ubuntu 22.04.4 LTS
| Command      : upgrade_ip
| Device       : xc7z020clg400-2
------------------------------------------------------------------------------------

Upgrade Log for IP 'Lab1_design_TesterHW_0_0'

1. Summary
----------

SUCCESS in the upgrade of Lab1_design_TesterHW_0_0 from user.org:user:TesterHW:1.0 (Rev. 8) to user.org:user:TesterHW:1.1 (Rev. 1)






Copyright 1986-2022 Xilinx, Inc. All Rights Reserved.
------------------------------------------------------------------------------------
| Tool Version : Vivado v.2022.2 (lin64) Build 3671981 Fri Oct 14 04:59:54 MDT 2022
| Date         : Tue May 21 14:12:51 2024
| Host         : jefferyli-System-Product-Name running 64-bit Ubuntu 22.04.4 LTS
| Command      : upgrade_ip
| Device       : xc7z020clg400-2
------------------------------------------------------------------------------------

Upgrade Log for IP 'Lab1_design_TesterHW_0_0'

1. Summary
----------

SUCCESS in the upgrade of Lab1_design_TesterHW_0_0 (user.org:user:TesterHW:1.0) from (Rev. 7) to (Rev. 8)






Copyright 1986-2022 Xilinx, Inc. All Rights Reserved.
------------------------------------------------------------------------------------
| Tool Version : Vivado v.2022.2 (lin64) Build 3671981 Fri Oct 14 04:59:54 MDT 2022
| Date         : Mon May 20 19:54:34 2024
| Host         : jefferyli-System-Product-Name running 64-bit Ubuntu 22.04.4 LTS
| Command      : upgrade_ip
| Device       : xc7z020clg400-2
------------------------------------------------------------------------------------

Upgrade Log for IP 'Lab1_design_TesterHW_0_0'

1. Summary
----------

SUCCESS in the conversion of Lab1_design_TesterHW_0_0 (user.org:user:TesterHW:1.0 (Rev. 7)) to Vivado generation flows.






Copyright 1986-2022 Xilinx, Inc. All Rights Reserved.
------------------------------------------------------------------------------------
| Tool Version : Vivado v.2022.2 (lin64) Build 3671981 Fri Oct 14 04:59:54 MDT 2022
| Date         : Sun May 19 21:47:52 2024
| Host         : jefferyli-System-Product-Name running 64-bit Ubuntu 22.04.4 LTS
| Command      : upgrade_ip
| Device       : xc7z020clg400-2
------------------------------------------------------------------------------------

Upgrade Log for IP 'Lab1_design_TesterHW_0_0'

1. Summary
----------

SUCCESS in the upgrade of Lab1_design_TesterHW_0_0 (user.org:user:TesterHW:1.0) from (Rev. 6) to (Rev. 7)






Copyright 1986-2022 Xilinx, Inc. All Rights Reserved.
------------------------------------------------------------------------------------
| Tool Version : Vivado v.2022.2 (lin64) Build 3671981 Fri Oct 14 04:59:54 MDT 2022
| Date         : Sun May 19 18:26:00 2024
| Host         : jefferyli-System-Product-Name running 64-bit Ubuntu 22.04.4 LTS
| Command      : upgrade_ip
| Device       : xc7z020clg400-2
------------------------------------------------------------------------------------

Upgrade Log for IP 'Lab1_design_TesterHW_0_0'

1. Summary
----------

SUCCESS in the conversion of Lab1_design_TesterHW_0_0 (user.org:user:TesterHW:1.0 (Rev. 6)) to Vivado generation flows.






Copyright 1986-2022 Xilinx, Inc. All Rights Reserved.
------------------------------------------------------------------------------------
| Tool Version : Vivado v.2022.2 (lin64) Build 3671981 Fri Oct 14 04:59:54 MDT 2022
| Date         : Sun May 19 18:02:12 2024
| Host         : jefferyli-System-Product-Name running 64-bit Ubuntu 22.04.4 LTS
| Command      : upgrade_ip
| Device       : xc7z020clg400-2
------------------------------------------------------------------------------------

Upgrade Log for IP 'Lab1_design_TesterHW_0_0'

1. Summary
----------

SUCCESS in the upgrade of Lab1_design_TesterHW_0_0 (user.org:user:TesterHW:1.0) from (Rev. 5) to (Rev. 6)






Copyright 1986-2022 Xilinx, Inc. All Rights Reserved.
------------------------------------------------------------------------------------
| Tool Version : Vivado v.2022.2 (lin64) Build 3671981 Fri Oct 14 04:59:54 MDT 2022
| Date         : Sat May 18 23:51:56 2024
| Host         : jefferyli-System-Product-Name running 64-bit Ubuntu 22.04.4 LTS
| Command      : upgrade_ip
| Device       : xc7z020clg400-2
------------------------------------------------------------------------------------

Upgrade Log for IP 'Lab1_design_TesterHW_0_0'

1. Summary
----------

SUCCESS in the upgrade of Lab1_design_TesterHW_0_0 (user.org:user:TesterHW:1.0) from (Rev. 4) to (Rev. 5)






Copyright 1986-2022 Xilinx, Inc. All Rights Reserved.
------------------------------------------------------------------------------------
| Tool Version : Vivado v.2022.2 (lin64) Build 3671981 Fri Oct 14 04:59:54 MDT 2022
| Date         : Sat May 18 22:49:58 2024
| Host         : jefferyli-System-Product-Name running 64-bit Ubuntu 22.04.4 LTS
| Command      : upgrade_ip
| Device       : xc7z020clg400-2
------------------------------------------------------------------------------------

Upgrade Log for IP 'Lab1_design_TesterHW_0_0'

1. Summary
----------

CAUTION (success, with warnings) in the upgrade of Lab1_design_TesterHW_0_0 (user.org:user:TesterHW:1.0) from (Rev. 3) to (Rev. 4)

After upgrade, an IP may have parameter and port differences compared to the original customization. Please review the parameters within the IP customization GUI to ensure proper functionality. Also, please review the updated IP instantiation template to ensure proper connectivity, and update your design if required.

2. Connection Warnings
----------------------

Detected external port differences while upgrading 'Lab1_design_TesterHW_0_0'. These changes may impact your design.


-Upgrade has added port 'pl_rstn'







Copyright 1986-2022 Xilinx, Inc. All Rights Reserved.
------------------------------------------------------------------------------------
| Tool Version : Vivado v.2022.2 (lin64) Build 3671981 Fri Oct 14 04:59:54 MDT 2022
| Date         : Sat May 18 19:12:25 2024
| Host         : jefferyli-System-Product-Name running 64-bit Ubuntu 22.04.4 LTS
| Command      : upgrade_ip
| Device       : xc7z020clg400-2
------------------------------------------------------------------------------------

Upgrade Log for IP 'Lab1_design_TesterHW_0_0'

1. Summary
----------

SUCCESS in the upgrade of Lab1_design_TesterHW_0_0 (user.org:user:TesterHW:1.0) from (Rev. 2) to (Rev. 3)

